Build started 6/9/2015 11:57:02 AM.
     1>Project "C:\Pranay-Reddy Kommera\WAMS_Project_GPU\WAMS_Project_GPU\WAMS_Project_GPU.vcxproj" on node 2 (Rebuild target(s)).
     1>CudaClean:
         cmd.exe /C "C:\Users\pkommera.UWYO\AppData\Local\Temp\tmp27c55acffddc4260bc3e658dbd77db75.cmd"
         "C:\Program Files\NVIDIA GPU Computing Toolkit\CUDA\v6.5\bin\nvcc.exe" -ccbin "C:\Program Files (x86)\Microsoft Visual Studio 12.0\VC\bin\x86_amd64"  -I"C:\Program Files\NVIDIA GPU Computing Toolkit\CUDA\v6.5\include" -I"C:\Program Files\NVIDIA GPU Computing Toolkit\CUDA\v6.5\include"     --keep-dir x64\Release -maxrregcount=0  --machine 64 --compile      -DWIN32 -DNDEBUG -D_CONSOLE -D_LIB -D_UNICODE -DUNICODE -Xcompiler "/EHsc /W3 /nologo /O2 /Zi  /MD  " -o x64\Release\TS_GPU_Logic_Implementation.cu.obj "C:\Pranay-Reddy Kommera\WAMS_Project_GPU\WAMS_Project_GPU\TS_GPU_Logic_Implementation.cu" -clean
         
         C:\Pranay-Reddy Kommera\WAMS_Project_GPU\WAMS_Project_GPU>"C:\Program Files\NVIDIA GPU Computing Toolkit\CUDA\v6.5\bin\nvcc.exe" -ccbin "C:\Program Files (x86)\Microsoft Visual Studio 12.0\VC\bin\x86_amd64"  -I"C:\Program Files\NVIDIA GPU Computing Toolkit\CUDA\v6.5\include" -I"C:\Program Files\NVIDIA GPU Computing Toolkit\CUDA\v6.5\include"     --keep-dir x64\Release -maxrregcount=0  --machine 64 --compile      -DWIN32 -DNDEBUG -D_CONSOLE -D_LIB -D_UNICODE -DUNICODE -Xcompiler "/EHsc /W3 /nologo /O2 /Zi  /MD  " -o x64\Release\TS_GPU_Logic_Implementation.cu.obj "C:\Pranay-Reddy Kommera\WAMS_Project_GPU\WAMS_Project_GPU\TS_GPU_Logic_Implementation.cu" -clean 
         TS_GPU_Logic_Implementation.cu
       AddCudaCompileDeps:
         C:\Program Files (x86)\Microsoft Visual Studio 12.0\VC\bin\x86_amd64\cl.exe /E /nologo /showIncludes /TP /D__CUDACC__ /DWIN32 /DNDEBUG /D_CONSOLE /D_LIB /D_UNICODE /DUNICODE /I"C:\Program Files\NVIDIA GPU Computing Toolkit\CUDA\v6.5\include" /I"C:\Program Files\NVIDIA GPU Computing Toolkit\CUDA\v6.5\bin" /I"C:\Program Files\NVIDIA GPU Computing Toolkit\CUDA\v6.5\include" /I. /FIcuda_runtime.h /c "C:\Pranay-Reddy Kommera\WAMS_Project_GPU\WAMS_Project_GPU\TS_GPU_Logic_Implementation.cu" 
       CudaBuild:
         Compiling CUDA source file TS_GPU_Logic_Implementation.cu...
         cmd.exe /C "C:\Users\pkommera.UWYO\AppData\Local\Temp\tmp05dc127b15674bfdbe14957edd0198e0.cmd"
         "C:\Program Files\NVIDIA GPU Computing Toolkit\CUDA\v6.5\bin\nvcc.exe" -gencode=arch=compute_30,code=\"sm_30,compute_30\" --use-local-env --cl-version 2013 -ccbin "C:\Program Files (x86)\Microsoft Visual Studio 12.0\VC\bin\x86_amd64"  -I"C:\Program Files\NVIDIA GPU Computing Toolkit\CUDA\v6.5\include" -I"C:\Program Files\NVIDIA GPU Computing Toolkit\CUDA\v6.5\include"     --keep-dir x64\Release -maxrregcount=0  --machine 64 --compile -cudart static     -DWIN32 -DNDEBUG -D_CONSOLE -D_LIB -D_UNICODE -DUNICODE -Xcompiler "/EHsc /W3 /nologo /O2 /Zi  /MD  " -o x64\Release\TS_GPU_Logic_Implementation.cu.obj "C:\Pranay-Reddy Kommera\WAMS_Project_GPU\WAMS_Project_GPU\TS_GPU_Logic_Implementation.cu"
         
         C:\Pranay-Reddy Kommera\WAMS_Project_GPU\WAMS_Project_GPU>"C:\Program Files\NVIDIA GPU Computing Toolkit\CUDA\v6.5\bin\nvcc.exe" -gencode=arch=compute_30,code=\"sm_30,compute_30\" --use-local-env --cl-version 2013 -ccbin "C:\Program Files (x86)\Microsoft Visual Studio 12.0\VC\bin\x86_amd64"  -I"C:\Program Files\NVIDIA GPU Computing Toolkit\CUDA\v6.5\include" -I"C:\Program Files\NVIDIA GPU Computing Toolkit\CUDA\v6.5\include"     --keep-dir x64\Release -maxrregcount=0  --machine 64 --compile -cudart static     -DWIN32 -DNDEBUG -D_CONSOLE -D_LIB -D_UNICODE -DUNICODE -Xcompiler "/EHsc /W3 /nologo /O2 /Zi  /MD  " -o x64\Release\TS_GPU_Logic_Implementation.cu.obj "C:\Pranay-Reddy Kommera\WAMS_Project_GPU\WAMS_Project_GPU\TS_GPU_Logic_Implementation.cu" 
         TS_GPU_Logic_Implementation.cu
     1>C:/Pranay-Reddy Kommera/WAMS_Project_GPU/WAMS_Project_GPU/TS_GPU_Logic_Implementation.cu(58): warning C4244: 'initializing' : conversion from 'double' to 'float', possible loss of data
     1>C:/Pranay-Reddy Kommera/WAMS_Project_GPU/WAMS_Project_GPU/TS_GPU_Logic_Implementation.cu(92): warning C4244: 'initializing' : conversion from 'double' to 'float', possible loss of data
     1>C:/Pranay-Reddy Kommera/WAMS_Project_GPU/WAMS_Project_GPU/TS_GPU_Logic_Implementation.cu(223): warning C4244: 'initializing' : conversion from 'double' to 'float', possible loss of data
       ClCompile:
         C:\Program Files (x86)\Microsoft Visual Studio 12.0\VC\bin\x86_amd64\CL.exe /c /I"C:\Program Files\NVIDIA GPU Computing Toolkit\CUDA\v6.5\include" /Zi /nologo /W3 /WX- /sdl /O2 /Oi /GL /D WIN32 /D NDEBUG /D _CONSOLE /D _LIB /D _UNICODE /D UNICODE /Gm- /EHsc /MD /GS /Gy /fp:precise /Zc:wchar_t /Zc:forScope /Fo"x64\Release\\" /Fd"x64\Release\vc120.pdb" /Gd /TP /errorReport:prompt TS_Client_GPU.cpp TS_DataExtraction_GPU.cpp
         TS_Client_GPU.cpp
     1>TS_Client_GPU.cpp(43): warning C4244: 'initializing' : conversion from 'double' to 'float', possible loss of data
     1>TS_Client_GPU.cpp(54): warning C4244: 'initializing' : conversion from 'double' to 'float', possible loss of data
         TS_DataExtraction_GPU.cpp
       Link:
         C:\Program Files (x86)\Microsoft Visual Studio 12.0\VC\bin\x86_amd64\link.exe /ERRORREPORT:PROMPT /OUT:"C:\Pranay-Reddy Kommera\WAMS_Project_GPU\x64\Release\WAMS_Project_GPU.exe" /INCREMENTAL:NO /NOLOGO /LIBPATH:"C:\Program Files\NVIDIA GPU Computing Toolkit\CUDA\v6.5\lib\x64" cudart.lib pm.lib kernel32.lib user32.lib gdi32.lib winspool.lib comdlg32.lib advapi32.lib shell32.lib ole32.lib oleaut32.lib uuid.lib odbc32.lib odbccp32.lib /MANIFEST /MANIFESTUAC:"level='asInvoker' uiAccess='false'" /manifest:embed /DEBUG /PDB:"C:\Pranay-Reddy Kommera\WAMS_Project_GPU\x64\Release\WAMS_Project_GPU.pdb" /SUBSYSTEM:CONSOLE /OPT:REF /OPT:ICF /LTCG /TLBID:1 /DYNAMICBASE /NXCOMPAT /IMPLIB:"C:\Pranay-Reddy Kommera\WAMS_Project_GPU\x64\Release\WAMS_Project_GPU.lib" /MACHINE:X64 x64\Release\TS_GPU_Logic_Implementation.cu.obj
         x64\Release\TS_Client_GPU.obj
         x64\Release\TS_DataExtraction_GPU.obj
         Generating code
         Finished generating code
     1>pm.lib(PM.obj) : warning LNK4099: PDB 'vc120.pdb' was not found with 'pm.lib(PM.obj)' or at 'C:\Pranay-Reddy Kommera\WAMS_Project_GPU\x64\Release\vc120.pdb'; linking object as if no debug info
         WAMS_Project_GPU.vcxproj -> C:\Pranay-Reddy Kommera\WAMS_Project_GPU\x64\Release\WAMS_Project_GPU.exe
     1>Done Building Project "C:\Pranay-Reddy Kommera\WAMS_Project_GPU\WAMS_Project_GPU\WAMS_Project_GPU.vcxproj" (Rebuild target(s)).

Build succeeded.

Time Elapsed 00:00:08.84
